mode: set
github.com/finkord/building_modern_web_app_with_go/cmd/web/main.go:25.13,28.16 2 0
github.com/finkord/building_modern_web_app_with_go/cmd/web/main.go:28.16,30.3 1 0
github.com/finkord/building_modern_web_app_with_go/cmd/web/main.go:32.2,38.16 3 0
github.com/finkord/building_modern_web_app_with_go/cmd/web/main.go:38.16,40.3 1 0
github.com/finkord/building_modern_web_app_with_go/cmd/web/main.go:43.18,61.16 10 1
github.com/finkord/building_modern_web_app_with_go/cmd/web/main.go:61.16,64.3 2 0
github.com/finkord/building_modern_web_app_with_go/cmd/web/main.go:66.2,76.12 7 1
github.com/finkord/building_modern_web_app_with_go/cmd/web/middleware.go:10.45,21.2 3 1
github.com/finkord/building_modern_web_app_with_go/cmd/web/middleware.go:24.50,26.2 1 1
github.com/finkord/building_modern_web_app_with_go/cmd/web/router.go:13.49,39.2 18 1
